0 verbose cli C:\Program Files\nodejs\node.exe C:\Users\user\AppData\Roaming\npm\node_modules\npm\bin\npm-cli.js
1 info using npm@8.19.2
2 info using node@v14.15.0
3 timing npm:load:whichnode Completed in 0ms
4 timing config:load:defaults Completed in 2ms
5 timing config:load:file:C:\Users\user\AppData\Roaming\npm\node_modules\npm\npmrc Completed in 78ms
6 timing config:load:builtin Completed in 78ms
7 timing config:load:cli Completed in 3ms
8 timing config:load:env Completed in 1ms
9 timing config:load:project Completed in 65ms
10 timing config:load:file:C:\Users\user\.npmrc Completed in 1ms
11 timing config:load:user Completed in 1ms
12 timing config:load:file:C:\Users\user\AppData\Roaming\npm\etc\npmrc Completed in 1ms
13 timing config:load:global Completed in 1ms
14 timing config:load:validate Completed in 0ms
15 timing config:load:credentials Completed in 1ms
16 timing config:load:setEnvs Completed in 1ms
17 timing config:load Completed in 153ms
18 timing npm:load:configload Completed in 153ms
19 timing npm:load:mkdirpcache Completed in 3ms
20 timing npm:load:mkdirplogs Completed in 1ms
21 verbose title npm list
22 verbose argv "list" "--global"
23 timing npm:load:setTitle Completed in 2ms
24 timing config:load:flatten Completed in 29ms
25 timing npm:load:display Completed in 32ms
26 verbose logfile logs-max:10 dir:C:\Users\user\desktop\progarmar\_logs
27 verbose logfile C:\Users\user\desktop\progarmar\_logs\2022-11-10T01_23_46_739Z-debug-0.log
28 timing npm:load:logFile Completed in 6ms
29 timing npm:load:timers Completed in 0ms
30 timing npm:load:configScope Completed in 0ms
31 timing npm:load Completed in 197ms
32 timing arborist:ctor Completed in 1ms
33 silly logfile done cleaning log files
34 timing command:list Completed in 16434ms
35 verbose exit 0
36 timing npm Completed in 18356ms
37 info ok
